<?xml version="1.0" encoding="UTF-8"?>
<!-- Generated by org.testng.reporters.JUnitXMLReporter -->
<testsuite hostname="LAPTOP-BVIUIKAG" ignored="0" name="Test" tests="1" failures="1" timestamp="14 Jul 2021 06:05:52 GMT" time="0.532" errors="0">
  <testcase name="test" time="0.509" classname="com.automationselenium.selenium.Mvndemo">
    <failure type="java.lang.NullPointerException">
      <![CDATA[java.lang.NullPointerException
at com.templates.Golden_template.getURL(Golden_template.java:63)
at com.automationselenium.selenium.Mvndemo.test(Mvndemo.java:23)
... Removed 25 stack frames]]>
    </failure>
  </testcase> <!-- test -->
</testsuite> <!-- Test -->
