<?xml version="1.0" encoding="UTF-8"?>
<testng-results skipped="0" failed="0" ignored="0" total="1" passed="1">
  <reporter-output>
  </reporter-output>
  <suite name="Suite" duration-ms="7887" started-at="2021-07-14T06:18:07Z" finished-at="2021-07-14T06:18:15Z">
    <groups>
    </groups>
    <test name="Chrome test" duration-ms="7887" started-at="2021-07-14T06:18:07Z" finished-at="2021-07-14T06:18:15Z">
      <class name="com.automationselenium.selenium.Mvndemo">
        <test-method status="PASS" signature="test(java.lang.String)[pri:0, instance:com.automationselenium.selenium.Mvndemo@6f7fd0e6]" name="test" duration-ms="7866" started-at="2021-07-14T06:18:07Z" finished-at="2021-07-14T06:18:15Z">
          <params>
            <param index="0">
              <value>
                <![CDATA[chrome]]>
              </value>
            </param>
          </params>
          <reporter-output>
          </reporter-output>
        </test-method> <!-- test -->
      </class> <!-- com.automationselenium.selenium.Mvndemo -->
    </test> <!-- Chrome test -->
  </suite> <!-- Suite -->
</testng-results>
